==172504== Cachegrind, a high-precision tracing profiler
==172504== Copyright (C) 2002-2017, and GNU GPL'd, by Nicholas Nethercote et al.
==172504== Using Valgrind-3.22.0 and LibVEX; rerun with -h for copyright info
==172504== Command: ./rag
==172504== 
--172504-- warning: L3 cache found, using its data for the LL simulation.
--172504-- warning: specified LL cache: line_size 64  assoc 11  total_size 34,603,008
--172504-- warning: simulated LL cache: line_size 64  assoc 17  total_size 35,651,584
==172504== 
==172504== I refs:        671,217,131
==172504== I1  misses:          1,331
==172504== LLi misses:          1,323
==172504== I1  miss rate:        0.00%
==172504== LLi miss rate:        0.00%
==172504== 
==172504== D refs:        346,533,264  (219,116,790 rd   + 127,416,474 wr)
==172504== D1  misses:        790,912  (    664,771 rd   +     126,141 wr)
==172504== LLd misses:        127,303  (      1,212 rd   +     126,091 wr)
==172504== D1  miss rate:         0.2% (        0.3%     +         0.1%  )
==172504== LLd miss rate:         0.0% (        0.0%     +         0.1%  )
==172504== 
==172504== LL refs:           792,243  (    666,102 rd   +     126,141 wr)
==172504== LL misses:         128,626  (      2,535 rd   +     126,091 wr)
==172504== LL miss rate:          0.0% (        0.0%     +         0.1%  )
